TN:
SF:src\lib\Employee.js
FN:2,(anonymous_0)
FN:7,(anonymous_1)
FN:10,(anonymous_2)
FN:13,(anonymous_3)
FN:16,(anonymous_4)
FNF:5
FNH:2
FNDA:12,(anonymous_0)
FNDA:0,(anonymous_1)
FNDA:0,(anonymous_2)
FNDA:0,(anonymous_3)
FNDA:1,(anonymous_4)
DA:3,12
DA:4,12
DA:5,12
DA:8,0
DA:11,0
DA:14,0
DA:17,1
DA:21,4
LF:8
LH:5
BRF:0
BRH:0
end_of_record
TN:
SF:src\lib\Engineer.js
FN:4,(anonymous_0)
FN:9,(anonymous_1)
FN:12,(anonymous_2)
FNF:3
FNH:2
FNDA:3,(anonymous_0)
FNDA:1,(anonymous_1)
FNDA:0,(anonymous_2)
DA:1,1
DA:5,3
DA:7,3
DA:10,1
DA:13,0
DA:17,1
LF:6
LH:5
BRF:0
BRH:0
end_of_record
TN:
SF:src\lib\Intern.js
FN:4,(anonymous_0)
FN:9,(anonymous_1)
FN:12,(anonymous_2)
FNF:3
FNH:2
FNDA:3,(anonymous_0)
FNDA:0,(anonymous_1)
FNDA:1,(anonymous_2)
DA:1,1
DA:5,3
DA:7,3
DA:10,0
DA:13,1
DA:17,1
LF:6
LH:5
BRF:0
BRH:0
end_of_record
TN:
SF:src\lib\Manager.js
FN:4,(anonymous_0)
FN:10,(anonymous_1)
FN:14,(anonymous_2)
FNF:3
FNH:2
FNDA:3,(anonymous_0)
FNDA:0,(anonymous_1)
FNDA:1,(anonymous_2)
DA:1,1
DA:5,3
DA:7,3
DA:11,0
DA:15,1
DA:19,1
LF:6
LH:5
BRF:0
BRH:0
end_of_record
